<?xml version="1.0" encoding="UTF-8"?>
<!-- Generated by org.testng.reporters.JUnitReportReporter -->
<testsuite skipped="0" hostname="LAPTOP-SQL70TIN" name="tests.LoginTest" tests="1" failures="0" timestamp="12 maj 2020 11:35:35 GMT" time="9.478" errors="0">
  <testcase name="successLoginTest" time="9.478" classname="tests.LoginTest"/>
</testsuite> <!-- tests.LoginTest -->
