<?xml version="1.0" encoding="UTF-8"?>
<!-- Generated by org.testng.reporters.JUnitReportReporter -->
<testsuite skipped="0" hostname="LAPTOP-SQL70TIN" name="tests.LoginTest" tests="3" failures="0" timestamp="05 maj 2020 12:41:09 GMT" time="13.447" errors="0">
  <testcase name="logOut" time="3.025" classname="tests.LoginTest"/>
  <testcase name="successLoginTest" time="3.634" classname="tests.LoginTest"/>
  <testcase name="initializationTest" time="6.788" classname="tests.LoginTest"/>
</testsuite> <!-- tests.LoginTest -->
